********************************************************************************
PACKAGE-LOG: 2015-02-03 16:31:20
NOTICE: Do NOT post to public sites or forums 
********************************************************************************
VERSION:	0.5.12
WORDPRESS:	4.1
PHP INFO:	5.6.2 | SAPI: apache2handler
SERVER:		Apache/2.2.29 (Unix) mod_fastcgi/2.4.6 mod_wsgi/3.4 Python/2.7.8 PHP/5.6.2 mod_ssl/2.2.29 OpenSSL/0.9.8za DAV/2 mod_perl/2.0.8 Perl/v5.20.0 
PHP TIME LIMIT: (0) no time limit imposed 
PHP MAX MEMORY: 5000M (128M default) 
MEMORY STACK: 20MB 

********************************************************************************
DATABASE:
********************************************************************************
BUILD MODE:   PHP (query limit - 100)
MYSQLDUMP:    Not Supported
MYSQLTIMEOUT: 5000 
TABLES: total:16 | filtered:0 | create:16 
FILTERED: [] 
SQL CREATED: 20150202_caregiverhq_54d0f7accc30b3665150203163036_database.sql 
SQL FILE SIZE: 1.35MB 
SQL FILE TIME: 2015-02-03 16:31:20 
SQL RUNTIME: 0.07 sec. 

******************************************************************************** 
ARCHIVE (ZIP): 
******************************************************************************** 
ARCHIVE DIR:  /Applications/MAMP/sites/caregiver-hq 
ARCHIVE FILE: 20150202_caregiverhq_54d0f7accc30b3665150203163036_archive.zip 
FILTERS: *OFF* 
DIRS:  not set 
EXTS:  not set 
---------------------------------------- 
COMPRESSING 
SIZE:	55.46MB 
STATS:	Dirs 595 | Files 5,987 | Links 0 
SQL ADDED: 20150202_caregiverhq_54d0f7accc30b3665150203163036_database.sql 
ZipArchive Object
(
    [status] => 0
    [statusSys] => 0
    [numFiles] => 6582
    [filename] => /Applications/MAMP/sites/caregiver-hq/wp-snapshots/tmp/20150202_caregiverhq_54d0f7accc30b3665150203163036_archive.zip
    [comment] => 
)
 
COMPRESSION RESULT: '1' 
COMPRESSED SIZE: 31.2MB 
ARCHIVE RUNTIME: 9.75 sec. 
MEMORY STACK: 22.5MB 

******************************************************************************** 
MAKE INSTALLER: 
******************************************************************************** 
Build Start 
Build Finished 
Preping for use 
Template parsed with new data 
Complete [/Applications/MAMP/sites/caregiver-hq/wp-snapshots/tmp/20150202_caregiverhq_54d0f7accc30b3665150203163036_installer.php] 
Added to archive 

******************************************************************************** 
INTEGRITY CHECKS: 
******************************************************************************** 
SQL File: 1.35MB 
Installer File: 316.88KB 
Archive File: 31.2MB  

********************************************************************************
RECORD ID:[2]
TOTAL PROCESS RUNTIME: 10.37 sec.
PEAK PHP MEMORY USED: 24.5MB
DONE PROCESSING => 20150202_caregiverhq 2015-02-03 16:31:30
 
